# JRE version: Java(TM) SE Runtime Environment (17.0.1+12) (build 17.0.1+12-LTS-39)
# Java VM: Java HotSpot(TM) 64-Bit Server VM (17.0.1+12-LTS-39, mixed mode, sharing, tiered, compressed oops, compressed class ptrs, g1 gc, windows-amd64)
GC Precious Log:
 CPUs: 8 total, 8 available
 Memory: 8108M
 Large Page Support: Disabled
 NUMA Support: Disabled
 Compressed Oops: Enabled (32-bit)
 Heap Region Size: 1M
 Heap Min Capacity: 8M
 Heap Initial Capacity: 128M
 Heap Max Capacity: 2028M
 Pre-touch: Disabled
 Parallel Workers: 8
 Concurrent Workers: 2
 Concurrent Refinement Workers: 8
 Periodic GC: Disabled
Heap:
 garbage-first heap   total 208896K, used 87991K [0x0000000081400000, 0x0000000100000000)
  region size 1024K, 38 young (38912K), 15 survivors (15360K)
 Metaspace       used 32592K, committed 33024K, reserved 1081344K
  class space    used 3501K, committed 3712K, reserved 1048576K
GC Heap History (20 events):
Event: 4.215 GC heap before
{Heap before GC invocations=4 (full 0):
 garbage-first heap   total 131072K, used 108232K [0x0000000081400000, 0x0000000100000000)
  region size 1024K, 59 young (60416K), 5 survivors (5120K)
 Metaspace       used 21235K, committed 21504K, reserved 1073152K
  class space    used 2394K, committed 2560K, reserved 1048576K
}
Event: 4.222 GC heap after
{Heap after GC invocations=5 (full 0):
 garbage-first heap   total 131072K, used 21193K [0x0000000081400000, 0x0000000100000000)
  region size 1024K, 8 young (8192K), 8 survivors (8192K)
 Metaspace       used 21235K, committed 21504K, reserved 1073152K
  class space    used 2394K, committed 2560K, reserved 1048576K
}
Event: 4.729 GC heap before
{Heap before GC invocations=6 (full 0):
 garbage-first heap   total 75776K, used 60105K [0x0000000081400000, 0x0000000100000000)
  region size 1024K, 41 young (41984K), 8 survivors (8192K)
 Metaspace       used 23422K, committed 23680K, reserved 1073152K
  class space    used 2614K, committed 2752K, reserved 1048576K
}
Event: 4.746 GC heap after
{Heap after GC invocations=7 (full 0):
 garbage-first heap   total 98304K, used 38950K [0x0000000081400000, 0x0000000100000000)
  region size 1024K, 6 young (6144K), 6 survivors (6144K)
 Metaspace       used 23422K, committed 23680K, reserved 1073152K
  class space    used 2614K, committed 2752K, reserved 1048576K
}
Event: 4.749 GC heap before
{Heap before GC invocations=7 (full 0):
 garbage-first heap   total 98304K, used 39974K [0x0000000081400000, 0x0000000100000000)
  region size 1024K, 7 young (7168K), 6 survivors (6144K)
 Metaspace       used 23422K, committed 23680K, reserved 1073152K
  class space    used 2614K, committed 2752K, reserved 1048576K
}
Event: 4.755 GC heap after
{Heap after GC invocations=8 (full 0):
 garbage-first heap   total 98304K, used 40448K [0x0000000081400000, 0x0000000100000000)
  region size 1024K, 1 young (1024K), 1 survivors (1024K)
 Metaspace       used 23422K, committed 23680K, reserved 1073152K
  class space    used 2614K, committed 2752K, reserved 1048576K
}
Event: 5.030 GC heap before
{Heap before GC invocations=8 (full 0):
 garbage-first heap   total 98304K, used 70144K [0x0000000081400000, 0x0000000100000000)
  region size 1024K, 30 young (30720K), 1 survivors (1024K)
 Metaspace       used 23996K, committed 24320K, reserved 1073152K
  class space    used 2675K, committed 2816K, reserved 1048576K
}
Event: 5.039 GC heap after
{Heap after GC invocations=9 (full 0):
 garbage-first heap   total 98304K, used 44544K [0x0000000081400000, 0x0000000100000000)
  region size 1024K, 4 young (4096K), 4 survivors (4096K)
 Metaspace       used 23996K, committed 24320K, reserved 1073152K
  class space    used 2675K, committed 2816K, reserved 1048576K
}
Event: 5.836 GC heap before
{Heap before GC invocations=10 (full 0):
 garbage-first heap   total 98304K, used 72192K [0x0000000081400000, 0x0000000100000000)
  region size 1024K, 31 young (31744K), 4 survivors (4096K)
 Metaspace       used 25620K, committed 25920K, reserved 1073152K
  class space    used 2826K, committed 2944K, reserved 1048576K
}
Event: 5.846 GC heap after
{Heap after GC invocations=11 (full 0):
 garbage-first heap   total 98304K, used 47542K [0x0000000081400000, 0x0000000100000000)
  region size 1024K, 2 young (2048K), 2 survivors (2048K)
 Metaspace       used 25620K, committed 25920K, reserved 1073152K
  class space    used 2826K, committed 2944K, reserved 1048576K
}
Event: 6.155 GC heap before
{Heap before GC invocations=11 (full 0):
 garbage-first heap   total 98304K, used 73142K [0x0000000081400000, 0x0000000100000000)
  region size 1024K, 28 young (28672K), 2 survivors (2048K)
 Metaspace       used 26356K, committed 26624K, reserved 1073152K
  class space    used 2901K, committed 3008K, reserved 1048576K
}
Event: 6.161 GC heap after
{Heap after GC invocations=12 (full 0):
 garbage-first heap   total 98304K, used 47976K [0x0000000081400000, 0x0000000100000000)
  region size 1024K, 3 young (3072K), 3 survivors (3072K)
 Metaspace       used 26356K, committed 26624K, reserved 1073152K
  class space    used 2901K, committed 3008K, reserved 1048576K
}
Event: 6.383 GC heap before
{Heap before GC invocations=13 (full 0):
 garbage-first heap   total 98304K, used 75624K [0x0000000081400000, 0x0000000100000000)
  region size 1024K, 30 young (30720K), 3 survivors (3072K)
 Metaspace       used 26746K, committed 27072K, reserved 1073152K
  class space    used 2945K, committed 3072K, reserved 1048576K
}
Event: 6.393 GC heap after
{Heap after GC invocations=14 (full 0):
 garbage-first heap   total 98304K, used 48478K [0x0000000081400000, 0x0000000100000000)
  region size 1024K, 1 young (1024K), 1 survivors (1024K)
 Metaspace       used 26746K, committed 27072K, reserved 1073152K
  class space    used 2945K, committed 3072K, reserved 1048576K
}
Event: 6.522 GC heap before
{Heap before GC invocations=14 (full 0):
 garbage-first heap   total 98304K, used 78174K [0x0000000081400000, 0x0000000100000000)
  region size 1024K, 30 young (30720K), 1 survivors (1024K)
 Metaspace       used 26896K, committed 27200K, reserved 1073152K
  class space    used 2951K, committed 3072K, reserved 1048576K
}
Event: 6.527 GC heap after
{Heap after GC invocations=15 (full 0):
 garbage-first heap   total 238592K, used 49053K [0x0000000081400000, 0x0000000100000000)
  region size 1024K, 2 young (2048K), 2 survivors (2048K)
 Metaspace       used 26896K, committed 27200K, reserved 1073152K
  class space    used 2951K, committed 3072K, reserved 1048576K
}
Event: 7.879 GC heap before
{Heap before GC invocations=16 (full 0):
 garbage-first heap   total 208896K, used 175005K [0x0000000081400000, 0x0000000100000000)
  region size 1024K, 122 young (124928K), 2 survivors (2048K)
 Metaspace       used 29165K, committed 29568K, reserved 1081344K
  class space    used 3147K, committed 3328K, reserved 1048576K
}
Event: 7.886 GC heap after
{Heap after GC invocations=17 (full 0):
 garbage-first heap   total 208896K, used 49312K [0x0000000081400000, 0x0000000100000000)
  region size 1024K, 5 young (5120K), 5 survivors (5120K)
 Metaspace       used 29165K, committed 29568K, reserved 1081344K
  class space    used 3147K, committed 3328K, reserved 1048576K
}
Event: 9.153 GC heap before
{Heap before GC invocations=17 (full 0):
 garbage-first heap   total 208896K, used 171168K [0x0000000081400000, 0x0000000100000000)
  region size 1024K, 119 young (121856K), 5 survivors (5120K)
 Metaspace       used 31852K, committed 32192K, reserved 1081344K
  class space    used 3428K, committed 3584K, reserved 1048576K
}
Event: 9.168 GC heap after
{Heap after GC invocations=18 (full 0):
 garbage-first heap   total 208896K, used 65463K [0x0000000081400000, 0x0000000100000000)
  region size 1024K, 15 young (15360K), 15 survivors (15360K)
 Metaspace       used 31852K, committed 32192K, reserved 1081344K
  class space    used 3428K, committed 3584K, reserved 1048576K
}

